[2024-11-17 08:21:41] local.ERROR: Database file at path [C:\git-workspace\background-job-runner\database\database.sqlite] does not exist. Ensure this is an absolute path to the database. (Connection: sqlite, SQL: select exists (select 1 from sqlite_master where name = 'migrations' and type = 'table') as "exists") {"exception":"[object] (Illuminate\\Database\\QueryException(code: 0): Database file at path [C:\\git-workspace\\background-job-runner\\database\\database.sqlite] does not exist. Ensure this is an absolute path to the database. (Connection: sqlite, SQL: select exists (select 1 from sqlite_master where name = 'migrations' and type = 'table') as \"exists\") at C:\\git-workspace\\background-job-runner\\vendor\\laravel\\framework\\src\\Illuminate\\Database\\Connection.php:825)
[stacktrace]
#0 C:\\git-workspace\\background-job-runner\\vendor\\laravel\\framework\\src\\Illuminate\\Database\\Connection.php(779): Illuminate\\Database\\Connection->runQueryCallback()
#1 C:\\git-workspace\\background-job-runner\\vendor\\laravel\\framework\\src\\Illuminate\\Database\\Connection.php(398): Illuminate\\Database\\Connection->run()
#2 C:\\git-workspace\\background-job-runner\\vendor\\laravel\\framework\\src\\Illuminate\\Database\\Connection.php(344): Illuminate\\Database\\Connection->select()
#3 C:\\git-workspace\\background-job-runner\\vendor\\laravel\\framework\\src\\Illuminate\\Database\\Connection.php(361): Illuminate\\Database\\Connection->selectOne()
#4 C:\\git-workspace\\background-job-runner\\vendor\\laravel\\framework\\src\\Illuminate\\Database\\Schema\\SQLiteBuilder.php(44): Illuminate\\Database\\Connection->scalar()
#5 C:\\git-workspace\\background-job-runner\\vendor\\laravel\\framework\\src\\Illuminate\\Database\\Migrations\\DatabaseMigrationRepository.php(184): Illuminate\\Database\\Schema\\SQLiteBuilder->hasTable()
#6 C:\\git-workspace\\background-job-runner\\vendor\\laravel\\framework\\src\\Illuminate\\Database\\Migrations\\Migrator.php(680): Illuminate\\Database\\Migrations\\DatabaseMigrationRepository->repositoryExists()
#7 C:\\git-workspace\\background-job-runner\\vendor\\laravel\\framework\\src\\Illuminate\\Database\\Console\\Migrations\\MigrateCommand.php(164): Illuminate\\Database\\Migrations\\Migrator->repositoryExists()
#8 C:\\git-workspace\\background-job-runner\\vendor\\laravel\\framework\\src\\Illuminate\\Support\\helpers.php(319): Illuminate\\Database\\Console\\Migrations\\MigrateCommand->Illuminate\\Database\\Console\\Migrations\\{closure}()
#9 C:\\git-workspace\\background-job-runner\\vendor\\laravel\\framework\\src\\Illuminate\\Database\\Console\\Migrations\\MigrateCommand.php(164): retry()
#10 C:\\git-workspace\\background-job-runner\\vendor\\laravel\\framework\\src\\Illuminate\\Database\\Console\\Migrations\\MigrateCommand.php(140): Illuminate\\Database\\Console\\Migrations\\MigrateCommand->repositoryExists()
#11 C:\\git-workspace\\background-job-runner\\vendor\\laravel\\framework\\src\\Illuminate\\Database\\Console\\Migrations\\MigrateCommand.php(110): Illuminate\\Database\\Console\\Migrations\\MigrateCommand->prepareDatabase()
#12 C:\\git-workspace\\background-job-runner\\vendor\\laravel\\framework\\src\\Illuminate\\Database\\Migrations\\Migrator.php(615): Illuminate\\Database\\Console\\Migrations\\MigrateCommand->Illuminate\\Database\\Console\\Migrations\\{closure}()
#13 C:\\git-workspace\\background-job-runner\\vendor\\laravel\\framework\\src\\Illuminate\\Database\\Console\\Migrations\\MigrateCommand.php(109): Illuminate\\Database\\Migrations\\Migrator->usingConnection()
#14 C:\\git-workspace\\background-job-runner\\vendor\\laravel\\framework\\src\\Illuminate\\Database\\Console\\Migrations\\MigrateCommand.php(88): Illuminate\\Database\\Console\\Migrations\\MigrateCommand->runMigrations()
#15 C:\\git-workspace\\background-job-runner\\vendor\\laravel\\framework\\src\\Illuminate\\Container\\BoundMethod.php(36): Illuminate\\Database\\Console\\Migrations\\MigrateCommand->handle()
#16 C:\\git-workspace\\background-job-runner\\vendor\\laravel\\framework\\src\\Illuminate\\Container\\Util.php(43): Illuminate\\Container\\BoundMethod::Illuminate\\Container\\{closure}()
#17 C:\\git-workspace\\background-job-runner\\vendor\\laravel\\framework\\src\\Illuminate\\Container\\BoundMethod.php(95): Illuminate\\Container\\Util::unwrapIfClosure()
#18 C:\\git-workspace\\background-job-runner\\vendor\\laravel\\framework\\src\\Illuminate\\Container\\BoundMethod.php(35): Illuminate\\Container\\BoundMethod::callBoundMethod()
#19 C:\\git-workspace\\background-job-runner\\vendor\\laravel\\framework\\src\\Illuminate\\Container\\Container.php(690): Illuminate\\Container\\BoundMethod::call()
#20 C:\\git-workspace\\background-job-runner\\vendor\\laravel\\framework\\src\\Illuminate\\Console\\Command.php(213): Illuminate\\Container\\Container->call()
#21 C:\\git-workspace\\background-job-runner\\vendor\\symfony\\console\\Command\\Command.php(279): Illuminate\\Console\\Command->execute()
#22 C:\\git-workspace\\background-job-runner\\vendor\\laravel\\framework\\src\\Illuminate\\Console\\Command.php(182): Symfony\\Component\\Console\\Command\\Command->run()
#23 C:\\git-workspace\\background-job-runner\\vendor\\symfony\\console\\Application.php(1047): Illuminate\\Console\\Command->run()
#24 C:\\git-workspace\\background-job-runner\\vendor\\symfony\\console\\Application.php(316): Symfony\\Component\\Console\\Application->doRunCommand()
#25 C:\\git-workspace\\background-job-runner\\vendor\\symfony\\console\\Application.php(167): Symfony\\Component\\Console\\Application->doRun()
#26 C:\\git-workspace\\background-job-runner\\vendor\\laravel\\framework\\src\\Illuminate\\Foundation\\Console\\Kernel.php(197): Symfony\\Component\\Console\\Application->run()
#27 C:\\git-workspace\\background-job-runner\\vendor\\laravel\\framework\\src\\Illuminate\\Foundation\\Application.php(1205): Illuminate\\Foundation\\Console\\Kernel->handle()
#28 C:\\git-workspace\\background-job-runner\\artisan(13): Illuminate\\Foundation\\Application->handleCommand()
#29 {main}

[previous exception] [object] (Illuminate\\Database\\SQLiteDatabaseDoesNotExistException(code: 0): Database file at path [C:\\git-workspace\\background-job-runner\\database\\database.sqlite] does not exist. Ensure this is an absolute path to the database. at C:\\git-workspace\\background-job-runner\\vendor\\laravel\\framework\\src\\Illuminate\\Database\\Connectors\\SQLiteConnector.php:34)
[stacktrace]
#0 C:\\git-workspace\\background-job-runner\\vendor\\laravel\\framework\\src\\Illuminate\\Database\\Connectors\\ConnectionFactory.php(224): Illuminate\\Database\\Connectors\\SQLiteConnector->connect()
#1 [internal function]: Illuminate\\Database\\Connectors\\ConnectionFactory->Illuminate\\Database\\Connectors\\{closure}()
#2 C:\\git-workspace\\background-job-runner\\vendor\\laravel\\framework\\src\\Illuminate\\Database\\Connection.php(1231): call_user_func()
#3 C:\\git-workspace\\background-job-runner\\vendor\\laravel\\framework\\src\\Illuminate\\Database\\Connection.php(1267): Illuminate\\Database\\Connection->getPdo()
#4 C:\\git-workspace\\background-job-runner\\vendor\\laravel\\framework\\src\\Illuminate\\Database\\Connection.php(512): Illuminate\\Database\\Connection->getReadPdo()
#5 C:\\git-workspace\\background-job-runner\\vendor\\laravel\\framework\\src\\Illuminate\\Database\\Connection.php(407): Illuminate\\Database\\Connection->getPdoForSelect()
#6 C:\\git-workspace\\background-job-runner\\vendor\\laravel\\framework\\src\\Illuminate\\Database\\Connection.php(812): Illuminate\\Database\\Connection->Illuminate\\Database\\{closure}()
#7 C:\\git-workspace\\background-job-runner\\vendor\\laravel\\framework\\src\\Illuminate\\Database\\Connection.php(779): Illuminate\\Database\\Connection->runQueryCallback()
#8 C:\\git-workspace\\background-job-runner\\vendor\\laravel\\framework\\src\\Illuminate\\Database\\Connection.php(398): Illuminate\\Database\\Connection->run()
#9 C:\\git-workspace\\background-job-runner\\vendor\\laravel\\framework\\src\\Illuminate\\Database\\Connection.php(344): Illuminate\\Database\\Connection->select()
#10 C:\\git-workspace\\background-job-runner\\vendor\\laravel\\framework\\src\\Illuminate\\Database\\Connection.php(361): Illuminate\\Database\\Connection->selectOne()
#11 C:\\git-workspace\\background-job-runner\\vendor\\laravel\\framework\\src\\Illuminate\\Database\\Schema\\SQLiteBuilder.php(44): Illuminate\\Database\\Connection->scalar()
#12 C:\\git-workspace\\background-job-runner\\vendor\\laravel\\framework\\src\\Illuminate\\Database\\Migrations\\DatabaseMigrationRepository.php(184): Illuminate\\Database\\Schema\\SQLiteBuilder->hasTable()
#13 C:\\git-workspace\\background-job-runner\\vendor\\laravel\\framework\\src\\Illuminate\\Database\\Migrations\\Migrator.php(680): Illuminate\\Database\\Migrations\\DatabaseMigrationRepository->repositoryExists()
#14 C:\\git-workspace\\background-job-runner\\vendor\\laravel\\framework\\src\\Illuminate\\Database\\Console\\Migrations\\MigrateCommand.php(164): Illuminate\\Database\\Migrations\\Migrator->repositoryExists()
#15 C:\\git-workspace\\background-job-runner\\vendor\\laravel\\framework\\src\\Illuminate\\Support\\helpers.php(319): Illuminate\\Database\\Console\\Migrations\\MigrateCommand->Illuminate\\Database\\Console\\Migrations\\{closure}()
#16 C:\\git-workspace\\background-job-runner\\vendor\\laravel\\framework\\src\\Illuminate\\Database\\Console\\Migrations\\MigrateCommand.php(164): retry()
#17 C:\\git-workspace\\background-job-runner\\vendor\\laravel\\framework\\src\\Illuminate\\Database\\Console\\Migrations\\MigrateCommand.php(140): Illuminate\\Database\\Console\\Migrations\\MigrateCommand->repositoryExists()
#18 C:\\git-workspace\\background-job-runner\\vendor\\laravel\\framework\\src\\Illuminate\\Database\\Console\\Migrations\\MigrateCommand.php(110): Illuminate\\Database\\Console\\Migrations\\MigrateCommand->prepareDatabase()
#19 C:\\git-workspace\\background-job-runner\\vendor\\laravel\\framework\\src\\Illuminate\\Database\\Migrations\\Migrator.php(615): Illuminate\\Database\\Console\\Migrations\\MigrateCommand->Illuminate\\Database\\Console\\Migrations\\{closure}()
#20 C:\\git-workspace\\background-job-runner\\vendor\\laravel\\framework\\src\\Illuminate\\Database\\Console\\Migrations\\MigrateCommand.php(109): Illuminate\\Database\\Migrations\\Migrator->usingConnection()
#21 C:\\git-workspace\\background-job-runner\\vendor\\laravel\\framework\\src\\Illuminate\\Database\\Console\\Migrations\\MigrateCommand.php(88): Illuminate\\Database\\Console\\Migrations\\MigrateCommand->runMigrations()
#22 C:\\git-workspace\\background-job-runner\\vendor\\laravel\\framework\\src\\Illuminate\\Container\\BoundMethod.php(36): Illuminate\\Database\\Console\\Migrations\\MigrateCommand->handle()
#23 C:\\git-workspace\\background-job-runner\\vendor\\laravel\\framework\\src\\Illuminate\\Container\\Util.php(43): Illuminate\\Container\\BoundMethod::Illuminate\\Container\\{closure}()
#24 C:\\git-workspace\\background-job-runner\\vendor\\laravel\\framework\\src\\Illuminate\\Container\\BoundMethod.php(95): Illuminate\\Container\\Util::unwrapIfClosure()
#25 C:\\git-workspace\\background-job-runner\\vendor\\laravel\\framework\\src\\Illuminate\\Container\\BoundMethod.php(35): Illuminate\\Container\\BoundMethod::callBoundMethod()
#26 C:\\git-workspace\\background-job-runner\\vendor\\laravel\\framework\\src\\Illuminate\\Container\\Container.php(690): Illuminate\\Container\\BoundMethod::call()
#27 C:\\git-workspace\\background-job-runner\\vendor\\laravel\\framework\\src\\Illuminate\\Console\\Command.php(213): Illuminate\\Container\\Container->call()
#28 C:\\git-workspace\\background-job-runner\\vendor\\symfony\\console\\Command\\Command.php(279): Illuminate\\Console\\Command->execute()
#29 C:\\git-workspace\\background-job-runner\\vendor\\laravel\\framework\\src\\Illuminate\\Console\\Command.php(182): Symfony\\Component\\Console\\Command\\Command->run()
#30 C:\\git-workspace\\background-job-runner\\vendor\\symfony\\console\\Application.php(1047): Illuminate\\Console\\Command->run()
#31 C:\\git-workspace\\background-job-runner\\vendor\\symfony\\console\\Application.php(316): Symfony\\Component\\Console\\Application->doRunCommand()
#32 C:\\git-workspace\\background-job-runner\\vendor\\symfony\\console\\Application.php(167): Symfony\\Component\\Console\\Application->doRun()
#33 C:\\git-workspace\\background-job-runner\\vendor\\laravel\\framework\\src\\Illuminate\\Foundation\\Console\\Kernel.php(197): Symfony\\Component\\Console\\Application->run()
#34 C:\\git-workspace\\background-job-runner\\vendor\\laravel\\framework\\src\\Illuminate\\Foundation\\Application.php(1205): Illuminate\\Foundation\\Console\\Kernel->handle()
#35 C:\\git-workspace\\background-job-runner\\artisan(13): Illuminate\\Foundation\\Application->handleCommand()
#36 {main}
"} 
[2024-11-17 08:21:49] local.ERROR: The provided cwd "C:\git-workspace\background-job-runner\public" does not exist. {"exception":"[object] (Symfony\\Component\\Process\\Exception\\RuntimeException(code: 0): The provided cwd \"C:\\git-workspace\\background-job-runner\\public\" does not exist. at C:\\git-workspace\\background-job-runner\\vendor\\symfony\\process\\Process.php:341)
[stacktrace]
#0 C:\\git-workspace\\background-job-runner\\vendor\\laravel\\framework\\src\\Illuminate\\Foundation\\Console\\ServeCommand.php(164): Symfony\\Component\\Process\\Process->start()
#1 C:\\git-workspace\\background-job-runner\\vendor\\laravel\\framework\\src\\Illuminate\\Foundation\\Console\\ServeCommand.php(103): Illuminate\\Foundation\\Console\\ServeCommand->startProcess()
#2 C:\\git-workspace\\background-job-runner\\vendor\\laravel\\framework\\src\\Illuminate\\Container\\BoundMethod.php(36): Illuminate\\Foundation\\Console\\ServeCommand->handle()
#3 C:\\git-workspace\\background-job-runner\\vendor\\laravel\\framework\\src\\Illuminate\\Container\\Util.php(43): Illuminate\\Container\\BoundMethod::Illuminate\\Container\\{closure}()
#4 C:\\git-workspace\\background-job-runner\\vendor\\laravel\\framework\\src\\Illuminate\\Container\\BoundMethod.php(95): Illuminate\\Container\\Util::unwrapIfClosure()
#5 C:\\git-workspace\\background-job-runner\\vendor\\laravel\\framework\\src\\Illuminate\\Container\\BoundMethod.php(35): Illuminate\\Container\\BoundMethod::callBoundMethod()
#6 C:\\git-workspace\\background-job-runner\\vendor\\laravel\\framework\\src\\Illuminate\\Container\\Container.php(690): Illuminate\\Container\\BoundMethod::call()
#7 C:\\git-workspace\\background-job-runner\\vendor\\laravel\\framework\\src\\Illuminate\\Console\\Command.php(213): Illuminate\\Container\\Container->call()
#8 C:\\git-workspace\\background-job-runner\\vendor\\symfony\\console\\Command\\Command.php(279): Illuminate\\Console\\Command->execute()
#9 C:\\git-workspace\\background-job-runner\\vendor\\laravel\\framework\\src\\Illuminate\\Console\\Command.php(182): Symfony\\Component\\Console\\Command\\Command->run()
#10 C:\\git-workspace\\background-job-runner\\vendor\\symfony\\console\\Application.php(1047): Illuminate\\Console\\Command->run()
#11 C:\\git-workspace\\background-job-runner\\vendor\\symfony\\console\\Application.php(316): Symfony\\Component\\Console\\Application->doRunCommand()
#12 C:\\git-workspace\\background-job-runner\\vendor\\symfony\\console\\Application.php(167): Symfony\\Component\\Console\\Application->doRun()
#13 C:\\git-workspace\\background-job-runner\\vendor\\laravel\\framework\\src\\Illuminate\\Foundation\\Console\\Kernel.php(197): Symfony\\Component\\Console\\Application->run()
#14 C:\\git-workspace\\background-job-runner\\vendor\\laravel\\framework\\src\\Illuminate\\Foundation\\Application.php(1205): Illuminate\\Foundation\\Console\\Kernel->handle()
#15 C:\\git-workspace\\background-job-runner\\artisan(13): Illuminate\\Foundation\\Application->handleCommand()
#16 {main}
"} 
[2024-11-17 08:22:12] local.ERROR: The provided cwd "C:\git-workspace\background-job-runner\public" does not exist. {"exception":"[object] (Symfony\\Component\\Process\\Exception\\RuntimeException(code: 0): The provided cwd \"C:\\git-workspace\\background-job-runner\\public\" does not exist. at C:\\git-workspace\\background-job-runner\\vendor\\symfony\\process\\Process.php:341)
[stacktrace]
#0 C:\\git-workspace\\background-job-runner\\vendor\\laravel\\framework\\src\\Illuminate\\Foundation\\Console\\ServeCommand.php(164): Symfony\\Component\\Process\\Process->start()
#1 C:\\git-workspace\\background-job-runner\\vendor\\laravel\\framework\\src\\Illuminate\\Foundation\\Console\\ServeCommand.php(103): Illuminate\\Foundation\\Console\\ServeCommand->startProcess()
#2 C:\\git-workspace\\background-job-runner\\vendor\\laravel\\framework\\src\\Illuminate\\Container\\BoundMethod.php(36): Illuminate\\Foundation\\Console\\ServeCommand->handle()
#3 C:\\git-workspace\\background-job-runner\\vendor\\laravel\\framework\\src\\Illuminate\\Container\\Util.php(43): Illuminate\\Container\\BoundMethod::Illuminate\\Container\\{closure}()
#4 C:\\git-workspace\\background-job-runner\\vendor\\laravel\\framework\\src\\Illuminate\\Container\\BoundMethod.php(95): Illuminate\\Container\\Util::unwrapIfClosure()
#5 C:\\git-workspace\\background-job-runner\\vendor\\laravel\\framework\\src\\Illuminate\\Container\\BoundMethod.php(35): Illuminate\\Container\\BoundMethod::callBoundMethod()
#6 C:\\git-workspace\\background-job-runner\\vendor\\laravel\\framework\\src\\Illuminate\\Container\\Container.php(690): Illuminate\\Container\\BoundMethod::call()
#7 C:\\git-workspace\\background-job-runner\\vendor\\laravel\\framework\\src\\Illuminate\\Console\\Command.php(213): Illuminate\\Container\\Container->call()
#8 C:\\git-workspace\\background-job-runner\\vendor\\symfony\\console\\Command\\Command.php(279): Illuminate\\Console\\Command->execute()
#9 C:\\git-workspace\\background-job-runner\\vendor\\laravel\\framework\\src\\Illuminate\\Console\\Command.php(182): Symfony\\Component\\Console\\Command\\Command->run()
#10 C:\\git-workspace\\background-job-runner\\vendor\\symfony\\console\\Application.php(1047): Illuminate\\Console\\Command->run()
#11 C:\\git-workspace\\background-job-runner\\vendor\\symfony\\console\\Application.php(316): Symfony\\Component\\Console\\Application->doRunCommand()
#12 C:\\git-workspace\\background-job-runner\\vendor\\symfony\\console\\Application.php(167): Symfony\\Component\\Console\\Application->doRun()
#13 C:\\git-workspace\\background-job-runner\\vendor\\laravel\\framework\\src\\Illuminate\\Foundation\\Console\\Kernel.php(197): Symfony\\Component\\Console\\Application->run()
#14 C:\\git-workspace\\background-job-runner\\vendor\\laravel\\framework\\src\\Illuminate\\Foundation\\Application.php(1205): Illuminate\\Foundation\\Console\\Kernel->handle()
#15 C:\\git-workspace\\background-job-runner\\artisan(13): Illuminate\\Foundation\\Application->handleCommand()
#16 {main}
"} 
[2024-11-17 08:24:17] local.INFO: Executing ExampleJob with data: Sample Data  
[2024-11-17 08:24:17] local.INFO: Finished ExampleJob execution.  
[2024-11-17 08:24:18] local.INFO: Executing job with data: Sample Data  
[2024-11-17 08:24:18] local.INFO: Job completed successfully.  
[2024-11-17 08:33:13] local.INFO: Executing ExampleJob with data: Sample Data  
[2024-11-17 08:33:13] local.INFO: Finished ExampleJob execution.  
[2024-11-17 08:33:14] local.INFO: Executing job with data: Sample Data  
[2024-11-17 08:33:14] local.INFO: Job completed successfully.  
[2024-11-17 08:34:51] local.INFO: Executing ExampleJob with data: Sample Data  
[2024-11-17 08:34:51] local.INFO: Finished ExampleJob execution.  
[2024-11-17 08:34:51] local.INFO: Executing job with data: Sample Data  
[2024-11-17 08:34:51] local.INFO: Job completed successfully.  
